--- Startup times for process: Primary (or UI client) ---

times in msec
 clock   self+sourced   self:  sourced script
 clock   elapsed:              other lines

000.012  000.012: --- NVIM STARTING ---
000.430  000.418: event init
000.539  000.109: early init
015.085  014.546: locale set
015.150  000.065: init first window
016.175  001.026: inits 1
016.505  000.330: window checked
016.521  000.016: parsing arguments
018.040  000.496  000.496: require('vim.shared')
018.918  000.224  000.224: require('vim.inspect')
019.280  000.329  000.329: require('vim._options')
019.288  001.230  000.677: require('vim._editor')
019.294  001.887  000.161: require('vim._init_packages')
019.310  000.901: init lua interpreter
037.954  018.645: nvim_ui_attach
038.600  000.646: nvim_set_client_info
038.634  000.034: --- NVIM STARTED ---

--- Startup times for process: Embedded ---

times in msec
 clock   self+sourced   self:  sourced script
 clock   elapsed:              other lines

000.020  000.020: --- NVIM STARTING ---
000.102  000.082: event init
000.236  000.134: early init
016.782  016.545: locale set
016.836  000.055: init first window
017.570  000.734: inits 1
017.660  000.090: window checked
017.671  000.011: parsing arguments
019.083  000.500  000.500: require('vim.shared')
019.918  000.219  000.219: require('vim.inspect')
020.260  000.307  000.307: require('vim._options')
020.268  001.171  000.646: require('vim._editor')
020.273  001.803  000.132: require('vim._init_packages')
020.287  000.813: init lua interpreter
020.559  000.272: expanding arguments
020.586  000.028: inits 2
021.376  000.789: init highlight
021.384  000.009: waiting for UI
021.530  000.146: done waiting for UI
021.537  000.006: clear screen
022.231  000.059  000.059: require('vim.keymap')
023.221  000.285  000.285: sourcing nvim_exec2()
025.298  001.910  001.910: require('vim.termcap')
025.482  000.140  000.140: require('vim.text')
031.259  009.715  007.321: require('vim._defaults')
031.278  000.025: init default mappings & autocommands
031.922  000.263  000.263: sourcing C:\Program Files\Neovim\share\nvim\runtime\ftplugin.vim
032.503  000.235  000.235: sourcing C:\Program Files\Neovim\share\nvim\runtime\indent.vim
035.096  001.614  001.614: require('lazy')
035.172  000.033  000.033: require('ffi')
035.914  000.412  000.412: require('vim.fs')
036.584  000.658  000.658: require('vim.uri')
036.636  001.450  000.380: require('vim.loader')
037.414  000.609  000.609: require('lazy.stats')
038.167  000.416  000.416: require('lazy.core.util')
038.571  000.391  000.391: require('lazy.core.config')
039.342  000.369  000.369: require('lazy.core.handler')
040.456  000.363  000.363: require('lazy.pkg')
040.485  000.751  000.388: require('lazy.core.meta')
040.505  001.153  000.402: require('lazy.core.plugin')
040.524  001.944  000.422: require('lazy.core.loader')
041.944  000.653  000.653: require('lazy.core.fragments')
047.167  001.395  001.395: require('lazyvim.util')
047.226  002.186  000.791: require('lazyvim.config')
049.832  001.293  001.293: require('lazyvim.config.options')
050.393  000.411  000.411: require('config.options')
051.071  000.614  000.614: require('lazyvim.util.plugin')
051.561  000.477  000.477: require('lazyvim.util.deprecated')
051.893  000.320  000.320: require('lazyvim.util.inject')
052.249  000.346  000.346: require('lazy.core.handler.event')
057.491  000.528  000.528: require('vim.version')
061.897  000.414  000.414: require('lazyvim.util.pick')
065.495  000.496  000.496: require('lazy.core.handler.cmd')
066.115  000.601  000.601: require('lazy.core.handler.keys')
066.550  000.415  000.415: require('lazy.core.handler.ft')
067.800  000.011  000.011: sourcing nvim_exec2() called at C:\Users\joaog\AppData\Local\nvim\init.lua:0
067.894  000.004  000.004: sourcing nvim_exec2() called at C:\Users\joaog\AppData\Local\nvim\init.lua:0
070.066  000.218  000.218: sourcing nvim_exec2() called at C:\Program Files\Neovim\share/nvim/runtime/filetype.lua:0
070.080  000.673  000.456: sourcing C:\Program Files\Neovim\share/nvim/runtime/filetype.lua
070.113  001.026  000.352: sourcing nvim_exec2() called at C:\Users\joaog\AppData\Local\nvim\init.lua:0
072.937  000.395  000.395: require('vim.treesitter.language')
073.183  000.229  000.229: require('vim.func')
073.543  000.349  000.349: require('vim.func._memoize')
073.585  001.493  000.520: require('vim.treesitter.query')
073.609  003.385  001.892: require('nvim-treesitter.query_predicates')
073.832  000.010  000.010: sourcing nvim_exec2() called at C:\Users\joaog\AppData\Local\nvim\init.lua:0
073.876  000.003  000.003: sourcing nvim_exec2() called at C:\Users\joaog\AppData\Local\nvim\init.lua:0
074.187  000.264  000.264: require('lazyvim')
075.617  000.007  000.007: sourcing nvim_exec2() called at C:\Users\joaog\AppData\Local\nvim\init.lua:0
075.659  000.003  000.003: sourcing nvim_exec2() called at C:\Users\joaog\AppData\Local\nvim\init.lua:0
077.272  000.377  000.377: require('tokyonight.config')
077.284  001.603  001.226: require('tokyonight')
077.301  003.079  001.465: require('tokyonight')
077.885  000.279  000.279: require('tokyonight.util')
077.894  000.582  000.303: require('tokyonight.theme')
078.253  000.322  000.322: require('tokyonight.colors')
079.073  000.407  000.407: require('tokyonight.hsluv')
080.556  001.208  001.208: require('tokyonight.groups')
085.160  001.516  001.516: require('snacks')
085.173  001.770  000.254: sourcing C:/Users/joaog/AppData/Local/nvim-data/lazy/snacks.nvim/plugin/snacks.lua
085.203  002.022  000.253: sourcing nvim_exec2() called at C:\Users\joaog\AppData\Local\nvim\init.lua:0
085.222  000.006  000.006: sourcing nvim_exec2() called at C:\Users\joaog\AppData\Local\nvim\init.lua:0
085.282  000.003  000.003: sourcing nvim_exec2() called at C:\Users\joaog\AppData\Local\nvim\init.lua:0
086.345  000.365  000.365: sourcing C:\Program Files\Neovim\share/nvim/runtime/plugin/editorconfig.lua
086.380  000.621  000.256: sourcing nvim_exec2() called at C:\Users\joaog\AppData\Local\nvim\init.lua:0
086.992  000.369  000.369: sourcing C:\Program Files\Neovim\share/nvim/runtime/plugin/man.lua
087.063  000.669  000.300: sourcing nvim_exec2() called at C:\Users\joaog\AppData\Local\nvim\init.lua:0
090.172  000.874  000.874: sourcing C:\Program Files\Neovim\share\nvim\runtime\pack\dist\opt\matchit\plugin\matchit.vim
090.310  002.921  002.047: sourcing C:\Program Files\Neovim\share/nvim/runtime/plugin/matchit.vim
090.343  003.249  000.328: sourcing nvim_exec2() called at C:\Users\joaog\AppData\Local\nvim\init.lua:0
091.182  000.517  000.517: sourcing C:\Program Files\Neovim\share/nvim/runtime/plugin/matchparen.vim
091.234  000.858  000.341: sourcing nvim_exec2() called at C:\Users\joaog\AppData\Local\nvim\init.lua:0
094.031  000.711  000.711: sourcing C:\Program Files\Neovim\share\nvim\runtime\pack\dist\opt\netrw\plugin\netrwPlugin.vim
094.139  002.632  001.922: sourcing C:\Program Files\Neovim\share/nvim/runtime/plugin/netrwPlugin.vim
094.162  002.902  000.270: sourcing nvim_exec2() called at C:\Users\joaog\AppData\Local\nvim\init.lua:0
094.808  000.374  000.374: sourcing C:\Program Files\Neovim\share/nvim/runtime/plugin/osc52.lua
094.842  000.659  000.285: sourcing nvim_exec2() called at C:\Users\joaog\AppData\Local\nvim\init.lua:0
096.032  000.937  000.937: sourcing C:\Program Files\Neovim\share/nvim/runtime/plugin/rplugin.vim
096.067  001.211  000.274: sourcing nvim_exec2() called at C:\Users\joaog\AppData\Local\nvim\init.lua:0
096.626  000.304  000.304: sourcing C:\Program Files\Neovim\share/nvim/runtime/plugin/shada.vim
096.658  000.573  000.269: sourcing nvim_exec2() called at C:\Users\joaog\AppData\Local\nvim\init.lua:0
097.011  000.092  000.092: sourcing C:\Program Files\Neovim\share/nvim/runtime/plugin/spellfile.vim
097.040  000.360  000.269: sourcing nvim_exec2() called at C:\Users\joaog\AppData\Local\nvim\init.lua:0
097.347  064.300  025.653: require('config.lazy')
097.355  064.430  000.130: sourcing C:\Users\joaog\AppData\Local\nvim\init.lua
097.419  001.213: sourcing vimrc file(s)
099.149  000.196  000.196: sourcing C:\Program Files\Neovim\share\nvim\runtime\filetype.lua
100.830  000.307  000.307: sourcing C:\Program Files\Neovim\share\nvim\runtime\syntax\synload.vim
101.013  001.123  000.816: sourcing C:\Program Files\Neovim\share/nvim/runtime/syntax/syntax.vim
101.103  002.365: inits 3
103.616  002.513: reading ShaDa
103.779  000.163: opening buffers
104.405  000.588  000.588: require('snacks.explorer')
104.456  000.089: BufEnter autocommands
104.465  000.009: editing files in windows
104.509  000.043: VimEnter autocommands
105.960  000.537  000.537: require('snacks.util')
106.013  001.440  000.903: require('snacks.dashboard')
106.623  000.393  000.393: require('lazyvim.util.ui')
110.390  000.822  000.822: require('snacks.scroll')
111.237  000.790  000.790: require('snacks.animate')
112.863  000.726  000.726: require('vim.ui')
112.888  001.440  000.714: require('snacks.input')
113.453  000.553  000.553: require('snacks.scope')
114.356  000.553  000.553: require('snacks.picker')
114.845  000.445  000.445: require('snacks.picker.config')
115.612  000.751  000.751: require('snacks.picker.config.highlights')
116.091  000.459  000.459: require('snacks.picker.config.defaults')
116.617  000.515  000.515: require('snacks.picker.config.sources')
116.966  000.340  000.340: require('snacks.picker.config.layouts')
118.917  005.907: UIEnter autocommands
120.907  001.991: before starting main loop
121.250  000.049  000.049: require('vim.F')
121.865  000.909: first screen update
121.871  000.006: --- NVIM STARTED ---

